Arguments: 
  /home/shafi/.nvm/versions/node/v20.5.1/bin/node /home/shafi/.nvm/versions/node/v20.5.1/bin/yarn install

PATH: 
  /home/shafi/.nvm/versions/node/v20.5.1/bin:/usr/local/sbin:/usr/local/bin:/usr/sbin:/usr/bin:/sbin:/bin:/usr/games:/usr/local/games:/snap/bin:/snap/bin

Yarn version: 
  1.22.19

Node version: 
  20.5.1

Platform: 
  linux x64

Trace: 
  Error: EPERM: operation not permitted, symlink '../../../../eslint/bin/eslint.js' -> '/media/shafi/shafi-ssd/Projects/university-management-auth-service/node_modules/@eslint-community/eslint-utils/node_modules/.bin/eslint'

npm manifest: 
  {
    "name": "university-management-service",
    "version": "1.0.0",
    "description": "",
    "main": "index.js",
    "scripts": {
      "test": "echo \"Error: no test specified\" && exit 1",
      "start": "ts-node-dev --respawn --transpile-only src/server.ts",
      "lint:check": "eslint --ignore-path .eslintignore --ext .js,.ts .",
      "lint:fix": "eslint . --fix",
      "prettier:check": "prettier --ignore-path .gitignore --write \"**/*.+(js|ts|json)\"",
      "prettier:fix": "prettier --ignore-path .gitignore --write . ",
      "lint:prettier": "yarn lint:check && prettier:check"
    },
    "author": "shafi imam",
    "license": "ISC",
    "dependencies": {
      "cors": "^2.8.5",
      "dotenv": "^16.1.4",
      "express": "^4.18.2",
      "http-status": "^1.6.2",
      "mongoose": "^7.2.2",
      "winston": "^3.9.0",
      "winston-daily-rotate-file": "^4.7.1",
      "zod": "^3.21.4"
    },
    "devDependencies": {
      "@types/cors": "^2.8.13",
      "@types/express": "^4.17.17",
      "@typescript-eslint/eslint-plugin": "^5.59.9",
      "@typescript-eslint/parser": "^5.59.9",
      "eslint": "^8.42.0",
      "eslint-config-prettier": "^8.8.0",
      "husky": "^8.0.3",
      "lint-staged": "^13.2.2",
      "prettier": "^2.8.8",
      "ts-node-dev": "^2.0.0",
      "typescript": "^5.1.3"
    },
    "lint-staged": {
      "src/**/*.ts ": [
        "yarn lint:prettier"
      ]
    }
  }

yarn manifest: 
  No manifest

Lockfile: 
  No lockfile
